\BOOKMARK [0][-]{chapter*.2}{\315ndice general}{}% 1
\BOOKMARK [0][-]{chapter*.3}{\315ndice de figures}{}% 2
\BOOKMARK [0][-]{chapter*.4}{\315ndice de tablas}{}% 3
\BOOKMARK [0][-]{chapter*.5}{Resumen. Palabras clave}{}% 4
\BOOKMARK [0][-]{chapter*.7}{Abstract. Keywords}{}% 5
\BOOKMARK [0][-]{chapter.1}{Introduction}{}% 6
\BOOKMARK [1][-]{section.1.1}{The Hot Big Bang model}{chapter.1}% 7
\BOOKMARK [1][-]{section.1.2}{Cosmic Microwave Background}{chapter.1}% 8
\BOOKMARK [1][-]{section.1.3}{Baryon Acoustic Oscillations}{chapter.1}% 9
\BOOKMARK [1][-]{section.1.4}{Curvature, dark matter and the expansion of the universe}{chapter.1}% 10
\BOOKMARK [1][-]{section.1.5}{Oscilaciones Ac\372sticas de Bariones.}{chapter.1}% 11
\BOOKMARK [1][-]{section.1.6}{El Fondo C\363smico de Microondas.}{chapter.1}% 12
\BOOKMARK [1][-]{section.1.7}{La estructura a gran escala del universo.}{chapter.1}% 13
\BOOKMARK [1][-]{section.1.8}{La escala BAO como regla est\341ndar.}{chapter.1}% 14
\BOOKMARK [0][-]{chapter.2}{Resultados}{}% 15
\BOOKMARK [1][-]{section.2.1}{C\341lculo de observables}{chapter.2}% 16
\BOOKMARK [0][-]{chapter*.9}{Conclusiones}{}% 17
\BOOKMARK [0][-]{chapter*.10}{Conclusions}{}% 18
\BOOKMARK [0][-]{appendix*.12}{Anexo: Ejemplo para introducir c\363digo Matlab}{}% 19
\BOOKMARK [0][-]{appendix*.13}{Anexo: Ejemplo para introducir c\363digo ISE}{}% 20
