Reading Inizialization file: ../../brass/params_Om031_OL069.c

BAOANISO-type computation
Smoothing scale set to 0.000000 (pre-recon analysis).
Sigma_para and Sigma_perp set to be fixed to 9.400000 and 4.800000, respectively.
Neff P0 BAO: 28
Neff P2 BAO: 28
Neff P4 BAO: 28
I22=5.975205, Sumw=126763.186623
Data spaced linearly.
N_win=80839.480000, Sumw_ran_win=6203321.000000
Correcting /home/ssanz/TFG/lrg_eboss/window/W_randomdata_eBOSS_LRGpCMASS_NGC_v72_yama_newformat.txt window by factor 0.899143
Warning, only 4150/4999 first rows used from file /home/ssanz/TFG/lrg_eboss/window/W_randomdata_eBOSS_LRGpCMASS_NGC_v72_yama_newformat.txt
Mask NGC file spaced linearly.
Ncov=56, NcovP=56
Covfile = /home/ssanz/TFG/outputs_santi/class_Om031_OL069/rustico_Om031_OL069/fid_Om031_OL069_1
Hartlap correction of covariance is 1.060510, 56 x 56 elements ( 28 for P0-BAO, 28 for P2-BAO, 0 for P4-BAO, 0 for B0-BAO, 0 for P0-RSD, 0 for P2-RSD, 0 for P4-RSD, 0 for B0-RSD; 1000 realizations)
I22=2.852464, Sumw=58854.466957
Data spaced linearly.
N_win=35344.890000, Sumw_ran_win=2769144.000000
Correcting /home/ssanz/TFG/lrg_eboss/window/W_randomdata_eBOSS_LRGpCMASS_SGC_v72_yama_newformat.txt window by factor 0.890829
Warning, only 3215/4999 first rows used from file /home/ssanz/TFG/lrg_eboss/window/W_randomdata_eBOSS_LRGpCMASS_SGC_v72_yama_newformat.txt
Mask SGC file spaced linearly.
Covfile = /home/ssanz/TFG/outputs_santi/class_Om031_OL069/rustico_Om031_OL069/fid_Om031_OL069_2
Hartlap correction of covariance is 1.060510, 56 x 56 elements ( 28 for P0-BAO, 28 for P2-BAO, 0 for P4-BAO, 0 for B0-BAO, 0 for P0-RSD, 0 for P2-RSD, 0 for P4-RSD, 0 for B0-RSD; 1000 realizations)
Plin file spaced linearly.
Olin file spaced linearly.
Generating mask-matrix for NGC...
done
Generating mask-matrix for SGC...
done
Element 0 x=9.378006e-01 pm 3.823965e-02
Element 1 x=1.048081e+00 pm 3.103452e-02
Element 2 x=6.543923e-01 pm 4.795066e-01
Element 3 x=3.824713e+00 pm 1.259587e+00
Element 4 x=-4.419035e+03 pm 3.873853e+03
Element 5 x=2.439196e+03 pm 2.521354e+03
Element 6 x=-1.570963e+02 pm 5.841172e+02
Element 7 x=1.266073e+01 pm 1.593971e+01
Element 8 x=-1.773083e-01 pm 2.313411e-01
Element 9 x=-1.442564e+03 pm 8.381274e+03
Element 10 x=3.518129e+02 pm 5.293331e+03
Element 11 x=-2.270673e+02 pm 1.182492e+03
Element 12 x=-7.339915e+00 pm 5.005990e+01
Element 13 x=6.270828e-02 pm 1.024970e+00
Element 14 x=4.836692e+00 pm 1.786171e+00
Element 15 x=-7.469790e+03 pm 5.305568e+03
Element 16 x=5.166967e+03 pm 3.460430e+03
Element 17 x=-8.801056e+02 pm 8.066149e+02
Element 18 x=1.360645e+01 pm 2.363174e+01
Element 19 x=-2.904693e-02 pm 3.389404e-01
Element 20 x=1.010657e+03 pm 1.103271e+04
Element 21 x=-4.535193e+02 pm 6.797644e+03
Element 22 x=-3.366677e+02 pm 1.472665e+03
Element 23 x=-2.865695e+00 pm 6.892910e+01
Element 24 x=-2.610196e-01 pm 1.377780e+00
Proposal Covariance Ready ...
-1.082748e+01	1.186276e+02	-5.243010e+00	7.085606e+00	2.352531e-03	9.803473e-03	4.157347e-02	1.419595e-01	-2.368468e+00	-7.934000e-04	-3.632144e-03	-1.871255e-02	-1.139764e-01	-9.395817e-01	4.393452e+00	1.363593e-03	5.733185e-03	2.508699e-02	9.133005e-02	-1.863973e+00	-4.944237e-04	-2.298072e-03	-1.223288e-02	-8.182340e-02	-8.069140e-01
5.588672e+01	5.026913e+00	3.093684e+00	-1.836938e+00	2.055412e-03	6.760694e-03	9.062588e-03	-2.970060e-01	-1.215421e+01	9.604985e-04	3.566699e-03	1.191737e-02	1.477844e-02	-6.489508e-01	-1.185029e+00	1.031555e-03	3.378260e-03	3.863050e-03	-1.702992e-01	-7.161911e+00	6.036287e-04	2.238120e-03	7.196319e-03	-3.285913e-04	-6.654159e-01
6.249363e+00	9.491482e-01	1.894075e-01	3.122548e+00	-1.196485e-03	-4.150631e-03	1.592271e-03	5.930730e-01	3.262299e+01	3.045370e-04	1.037587e-03	-2.046661e-03	-1.743178e-01	-5.609371e+00	-1.173525e+00	4.932630e-04	1.549697e-03	1.114532e-06	-1.371633e-01	-5.988255e+00	2.307756e-04	9.014746e-04	3.664124e-03	1.823901e-02	2.014856e-01
3.679006e+00	7.198030e-01	4.198294e-01	-3.281326e-01	4.544758e-04	1.348226e-03	2.457275e-03	2.469043e-02	3.490027e+00	3.950514e-04	1.482357e-03	4.086074e-03	-2.815915e-02	-1.388005e+00	1.724178e+00	-8.359131e-04	-3.058495e-03	-3.354062e-04	4.270010e-01	2.366360e+01	1.854042e-04	5.410857e-04	-1.445471e-03	-9.481441e-02	-2.991200e+00
-8.974912e-02	-2.082645e-01	2.241025e+00	9.149253e+00	1.371660e-03	6.934940e-03	3.921842e-02	2.202724e-01	-1.178724e+00	-6.994108e-04	-3.325595e-03	-1.835692e-02	-1.253603e-01	-1.245148e+00	-6.941390e+00	-1.215897e-03	-5.913651e-03	-3.192941e-02	-1.745824e-01	8.982743e-01	4.253486e-04	2.300345e-03	1.454652e-02	1.174232e-01	1.432406e+00
-3.419440e-01	4.179097e-01	8.891332e+00	-9.179452e-01	-7.361226e-04	-2.977853e-03	-1.107696e-02	-6.442850e-04	6.657465e-01	-1.724993e-04	-1.937474e-04	4.976893e-03	1.233961e-01	3.138340e+00	1.181951e+00	3.136830e-04	1.269409e-03	5.342818e-03	2.810598e-02	-2.813419e-03	-3.532720e-04	-1.324246e-03	-3.562356e-03	2.265307e-02	1.010282e+00
3.234313e-01	3.588255e-02	-1.690511e+00	4.826672e-01	-3.498880e-04	-1.355762e-03	-1.598393e-03	1.133280e-01	8.973055e-01	-6.430747e-04	-2.738422e-03	-7.288072e-03	1.295071e-01	5.986077e+00	-1.540270e+00	2.201871e-04	4.506878e-04	-2.599970e-03	-5.539011e-02	6.610560e-02	5.389420e-04	2.067827e-03	6.275181e-03	-3.308876e-02	-1.986586e+00
-2.046015e-01	-1.735157e-01	9.788021e-01	1.445480e+00	-4.894688e-04	-1.218453e-03	5.137006e-04	2.429595e-02	-3.467407e-01	-1.129634e-04	-3.404449e-04	-1.842540e-03	-3.643449e-02	-1.126617e+00	1.337174e+00	2.146159e-04	1.106155e-03	6.102801e-03	5.572928e-03	-7.216830e-01	5.407075e-04	1.838141e-03	1.799841e-03	-1.383602e-01	-5.129171e+00
1.493534e-01	-1.705345e-01	-3.895577e-01	1.643997e+00	-6.390366e-04	-1.874205e-03	-4.088678e-05	8.546466e-02	-1.257125e-02	7.461619e-04	2.238207e-03	3.160845e-03	-1.995418e-02	5.670813e-01	2.113344e+00	-3.310210e-04	-6.972033e-04	4.101190e-03	8.754719e-02	-5.565398e-03	3.979095e-04	9.432510e-04	-7.033823e-04	-1.728379e-02	8.179101e-01
3.028236e-05	-8.277034e-05	-4.948431e-04	3.848737e-03	4.634274e-04	2.951825e-03	7.530235e-03	-1.048259e-01	1.860228e-03	-5.933527e-04	-1.972209e-03	-3.181357e-03	2.792878e-02	8.976171e-04	-2.865204e-04	-4.567356e-04	-1.693085e-03	-3.545267e-03	2.847028e-02	-5.221540e-04	1.838414e-04	4.896460e-04	-1.315805e-04	-1.614331e-02	4.359647e-04
1.528445e-05	-5.313790e-05	-1.627179e-04	9.476332e-04	-9.363939e-04	-2.095607e-03	-2.833277e-03	-2.420225e-02	4.015568e-04	-2.537532e-04	-1.027170e-03	-4.176287e-03	-1.800062e-02	8.266261e-04	2.431968e-03	4.791248e-04	2.336263e-03	5.593278e-03	-5.791402e-02	9.525000e-04	-2.271558e-04	-6.631611e-04	-6.843725e-05	2.184113e-02	-1.016222e-04
9.388101e-06	-7.654830e-06	-1.393054e-04	3.886222e-04	-2.731787e-03	-8.947382e-03	-2.188884e-02	4.492241e-03	-9.283203e-05	1.327855e-04	5.618514e-04	3.696065e-03	3.112069e-02	-8.080981e-04	2.441152e-04	1.203591e-03	4.358434e-03	1.148711e-02	-1.697002e-02	2.943132e-04	-2.015928e-04	-8.415928e-04	-3.987946e-03	-2.094890e-02	6.474644e-04
-6.550009e-07	-1.825884e-05	-6.424784e-05	1.851110e-05	5.559883e-03	1.649100e-02	3.502804e-02	5.397739e-03	-7.707624e-05	-1.371057e-04	-4.132892e-04	-7.299029e-05	1.809456e-02	-4.482050e-04	4.502745e-04	-4.396813e-04	-9.364877e-04	-1.186359e-03	-1.284277e-02	2.015816e-04	-9.778878e-05	-3.868129e-04	-1.558611e-03	-6.475041e-03	2.408177e-04
2.452458e-06	4.648849e-06	-6.371848e-06	-4.115503e-08	-6.289876e-04	-1.931954e-03	-4.296400e-03	5.298998e-04	-7.826487e-06	2.696816e-05	7.705753e-05	2.373065e-04	1.956675e-03	-5.226173e-05	1.955027e-04	-4.213762e-03	-1.256076e-02	-2.707907e-02	-5.574131e-03	8.102197e-05	1.517964e-04	5.043961e-04	1.013788e-03	-4.932807e-03	1.311569e-04
-1.054438e-05	4.748454e-06	6.431664e-05	-1.018963e-04	2.379331e-04	8.938159e-04	2.173845e-03	-1.755235e-03	2.942591e-05	1.695450e-03	5.551667e-03	1.360737e-02	-1.073362e-02	2.703046e-04	-1.780472e-04	6.650316e-05	3.697892e-04	1.465969e-03	-2.035362e-03	2.966391e-05	-2.921349e-04	-8.805675e-04	-2.685585e-03	-1.336813e-02	2.934190e-04
3.723751e-06	-2.296095e-06	-5.442653e-05	1.279854e-04	-4.869447e-05	-1.728626e-04	-7.089974e-04	-2.304001e-04	6.079719e-06	1.705140e-03	5.125990e-03	1.178359e-02	5.828329e-03	-1.112760e-04	9.988081e-05	-2.298563e-04	-7.546541e-04	-1.741513e-03	1.492767e-03	-2.503683e-05	-1.143355e-03	-3.822358e-03	-9.373912e-03	1.127104e-02	-2.773652e-04
-1.997189e-06	9.636068e-07	-1.317095e-05	2.930125e-05	-6.036996e-05	-1.342874e-04	-5.960407e-05	-6.891250e-05	1.155249e-06	1.009974e-03	2.695708e-03	4.880812e-03	2.045026e-03	-4.683691e-05	4.367916e-05	1.115171e-05	8.380744e-05	2.468702e-04	-1.657084e-04	3.146888e-06	1.493982e-03	4.422281e-03	9.803308e-03	2.321517e-03	-4.713941e-05
-3.758271e-09	8.976613e-09	-1.456265e-07	3.342199e-06	1.376818e-03	1.904257e-03	-1.072716e-03	-3.577715e-05	6.696569e-07	-6.677591e-05	-1.296524e-04	6.536412e-05	-6.166221e-05	1.832939e-06	1.044139e-07	-5.555336e-05	-7.980012e-05	3.837776e-05	3.890988e-06	-6.065682e-08	4.239803e-05	7.770504e-05	1.731227e-06	3.055278e-05	-6.951136e-07
2.962569e-09	-3.489097e-09	-3.585287e-08	1.751608e-07	9.331675e-05	7.754456e-05	-5.222780e-05	-7.675710e-07	1.837469e-08	3.316975e-04	5.510027e-04	-2.608774e-04	2.428920e-05	-5.146006e-07	2.290627e-06	8.416648e-04	1.197478e-03	-6.717236e-04	-2.502312e-05	4.414736e-07	-2.937395e-04	-4.907137e-04	2.248082e-04	-5.467269e-05	1.344382e-06
4.068169e-11	-1.467445e-09	-2.223067e-07	4.381503e-07	-6.692768e-05	-2.194861e-05	2.078610e-05	-5.501181e-07	1.358904e-08	-5.413806e-04	-8.474961e-04	4.453421e-04	-9.057615e-06	2.276075e-07	1.299735e-06	4.249303e-04	5.307914e-04	-3.116558e-04	-1.236105e-05	2.196741e-07	3.364707e-04	5.630280e-04	-2.411812e-04	2.924360e-05	-5.664994e-07
4.567493e-09	-1.052143e-09	1.895273e-07	-4.225242e-07	2.411310e-05	-3.599917e-06	-4.699641e-07	4.644666e-07	-1.053012e-08	2.765831e-04	3.418588e-04	-2.101987e-04	-1.040792e-05	2.298400e-07	-4.540192e-07	4.818208e-05	3.285396e-05	-2.174843e-05	-8.736335e-07	1.308520e-08	3.624139e-04	5.236344e-04	-3.042386e-04	-1.087826e-05	2.631565e-07
1.525160e-10	-1.187241e-10	-7.290607e-10	-2.791201e-08	1.804647e-04	-1.164783e-04	2.597988e-05	-4.950701e-07	3.837225e-09	-1.685877e-05	9.712198e-07	2.306358e-06	4.417955e-07	-5.855955e-09	1.396784e-09	-6.833251e-06	3.910734e-06	-7.303201e-07	1.015028e-08	-4.585969e-12	-2.672892e-07	4.895017e-07	-2.864810e-07	-4.360861e-09	2.936545e-10
-1.658286e-11	-3.643923e-11	-5.593995e-10	1.790012e-09	-5.558225e-06	3.493490e-06	-7.680776e-07	1.720036e-08	-1.679956e-10	-1.067323e-05	5.144707e-06	-6.635687e-07	6.740723e-08	-1.279359e-09	2.314932e-08	-1.326226e-04	8.567994e-05	-1.912086e-05	3.478380e-07	-2.489101e-09	2.119981e-05	-6.521035e-06	-2.891669e-07	-3.545142e-07	6.350909e-09
-3.526733e-12	-1.097885e-12	-1.730365e-09	1.973191e-09	4.838287e-06	-3.702484e-06	9.836313e-07	1.810290e-08	-4.471784e-10	8.452255e-05	-5.130252e-05	1.041656e-05	-3.758551e-07	5.341339e-09	6.811720e-09	-1.063683e-05	7.356099e-06	-1.782640e-06	1.745345e-08	2.653853e-11	-3.552151e-05	1.669233e-05	-1.923793e-06	3.306913e-07	-6.389985e-09
-7.481413e-13	6.424302e-14	-1.478278e-09	2.650506e-09	1.735751e-06	-1.303002e-06	3.243059e-07	1.892736e-09	-6.252656e-11	2.235762e-05	-1.549939e-05	3.705370e-06	-2.717280e-08	-1.947650e-10	2.746879e-09	5.739658e-06	-3.870883e-06	8.897778e-07	-4.766548e-09	-5.964001e-11	5.726413e-05	-3.577446e-05	7.579009e-06	-2.091568e-07	2.796620e-09
Starting mcmc chain with index 0 on thread 0
Starting mcmc chain with index 20 on thread 20
Starting mcmc chain with index 13 on thread 13
Starting mcmc chain with index 1 on thread 1
Starting mcmc chain with index 3 on thread 3
Starting mcmc chain with index 25 on thread 25
Starting mcmc chain with index 17 on thread 17
Starting mcmc chain with index 14 on thread 14
Starting mcmc chain with index 11 on thread 11
Starting mcmc chain with index 18 on thread 18
Starting mcmc chain with index 9 on thread 9
Starting mcmc chain with index 26 on thread 26
Starting mcmc chain with index 30 on thread 30
Starting mcmc chain with index 8 on thread 8
Starting mcmc chain with index 23 on thread 23
Starting mcmc chain with index 10 on thread 10
Starting mcmc chain with index 16 on thread 16
Starting mcmc chain with index 5 on thread 5
Starting mcmc chain with index 21 on thread 21
Starting mcmc chain with index 15 on thread 15
Starting mcmc chain with index 6 on thread